[2026-01-11T10:21:15.063Z] Starting Act Backend: python C:\Users\USER\Downloads\rebuild\act_backend.py
[2026-01-11T10:21:15.064Z] Starting Ask Backend: python C:\Users\USER\Downloads\rebuild\ask_backend.py
[2026-01-11T10:21:20.090Z] Both Act and Ask backends started successfully
[2026-01-11T11:03:15.120Z] Starting Act Backend: python C:\Users\USER\Downloads\rebuild\act_backend.py
[2026-01-11T11:03:15.122Z] Starting Ask Backend: python C:\Users\USER\Downloads\rebuild\ask_backend.py
[2026-01-11T11:03:20.200Z] Both Act and Ask backends started successfully
[2026-01-11T11:16:56.256Z] [ACT] Process terminated unexpectedly
[2026-01-11T11:32:13.056Z] Starting Act Backend: python C:\Users\USER\Downloads\rebuild\act_backend.py
[2026-01-11T11:32:13.058Z] Starting Ask Backend: python C:\Users\USER\Downloads\rebuild\ask_backend.py
[2026-01-11T11:32:18.108Z] Both Act and Ask backends started successfully
[2026-01-11T11:46:00.500Z] Starting Act Backend: python C:\Users\USER\Downloads\rebuild\act_backend.py
[2026-01-11T11:46:00.501Z] Starting Ask Backend: python C:\Users\USER\Downloads\rebuild\ask_backend.py
[2026-01-11T11:46:05.545Z] Both Act and Ask backends started successfully
[2026-01-11T12:01:37.125Z] Starting Act Backend: python C:\Users\USER\Downloads\rebuild\act_backend.py
[2026-01-11T12:01:37.127Z] Starting Ask Backend: python C:\Users\USER\Downloads\rebuild\ask_backend.py
[2026-01-11T12:01:42.171Z] Both Act and Ask backends started successfully
[2026-01-11T13:05:35.450Z] Starting Act Backend: python C:\Users\USER\Downloads\rebuild\act_backend.py
[2026-01-11T13:05:35.451Z] Starting Ask Backend: python C:\Users\USER\Downloads\rebuild\ask_backend.py
[2026-01-11T13:05:40.478Z] Both Act and Ask backends started successfully
[2026-01-11T13:08:17.657Z] Starting Act Backend: python C:\Users\USER\Downloads\rebuild\act_backend.py
[2026-01-11T13:08:17.658Z] Starting Ask Backend: python C:\Users\USER\Downloads\rebuild\ask_backend.py
[2026-01-11T13:08:22.685Z] Both Act and Ask backends started successfully
[2026-01-11T13:18:30.401Z] Starting Act Backend: python C:\Users\USER\Downloads\rebuild\act_backend.py
[2026-01-11T13:18:30.402Z] Starting Ask Backend: python C:\Users\USER\Downloads\rebuild\ask_backend.py
[2026-01-11T13:18:35.424Z] Both Act and Ask backends started successfully
[2026-01-11T13:29:35.921Z] Starting Act Backend: python C:\Users\USER\Downloads\rebuild\act_backend.py
[2026-01-11T13:29:35.922Z] Starting Ask Backend: python C:\Users\USER\Downloads\rebuild\ask_backend.py
[2026-01-11T13:29:41.158Z] Both Act and Ask backends started successfully
[2026-01-11T13:41:47.260Z] Starting Act Backend: python C:\Users\USER\Downloads\rebuild\act_backend.py
[2026-01-11T13:41:47.263Z] Starting Ask Backend: python C:\Users\USER\Downloads\rebuild\ask_backend.py
[2026-01-11T13:41:52.342Z] Both Act and Ask backends started successfully
[2026-01-11T13:46:45.483Z] Starting Act Backend: python C:\Users\USER\Downloads\rebuild\act_backend.py
[2026-01-11T13:46:45.485Z] Starting Ask Backend: python C:\Users\USER\Downloads\rebuild\ask_backend.py
[2026-01-11T13:46:50.551Z] Both Act and Ask backends started successfully
[2026-01-11T13:51:37.090Z] Starting Act Backend: python C:\Users\USER\Downloads\rebuild\act_backend.py
[2026-01-11T13:51:37.091Z] Starting Ask Backend: python C:\Users\USER\Downloads\rebuild\ask_backend.py
[2026-01-11T13:51:42.146Z] Both Act and Ask backends started successfully
[2026-01-11T13:57:59.752Z] Starting Act Backend: python C:\Users\USER\Downloads\rebuild\act_backend.py
[2026-01-11T13:57:59.753Z] Starting Ask Backend: python C:\Users\USER\Downloads\rebuild\ask_backend.py
[2026-01-11T13:58:04.796Z] Both Act and Ask backends started successfully
[2026-01-11T13:59:40.187Z] Starting Act Backend: python C:\Users\USER\Downloads\rebuild\act_backend.py
[2026-01-11T13:59:40.188Z] Starting Ask Backend: python C:\Users\USER\Downloads\rebuild\ask_backend.py
[2026-01-11T13:59:45.225Z] Both Act and Ask backends started successfully
[2026-01-11T14:00:50.640Z] Starting Act Backend: python C:\Users\USER\Downloads\rebuild\act_backend.py
[2026-01-11T14:00:50.641Z] Starting Ask Backend: python C:\Users\USER\Downloads\rebuild\ask_backend.py
[2026-01-11T14:00:55.719Z] Both Act and Ask backends started successfully
[2026-01-11T14:06:28.683Z] Starting Act Backend: python C:\Users\USER\Downloads\rebuild\act_backend.py
[2026-01-11T14:06:28.684Z] Starting Ask Backend: python C:\Users\USER\Downloads\rebuild\ask_backend.py
[2026-01-11T14:06:33.709Z] Both Act and Ask backends started successfully
[2026-01-11T14:21:47.910Z] Starting Act Backend: python C:\Users\USER\Downloads\rebuild\act_backend.py
[2026-01-11T14:21:47.911Z] Starting Ask Backend: python C:\Users\USER\Downloads\rebuild\ask_backend.py
[2026-01-11T14:21:52.937Z] Both Act and Ask backends started successfully
[2026-01-11T14:28:51.554Z] Starting Act Backend: python C:\Users\USER\Downloads\rebuild\act_backend.py
[2026-01-11T14:28:51.555Z] Starting Ask Backend: python C:\Users\USER\Downloads\rebuild\ask_backend.py
[2026-01-11T14:28:56.584Z] Both Act and Ask backends started successfully
[2026-01-11T18:56:37.147Z] Starting Act Backend: python C:\Users\USER\Downloads\rebuild\act_backend.py
[2026-01-11T18:56:37.149Z] Starting Ask Backend: python C:\Users\USER\Downloads\rebuild\ask_backend.py
[2026-01-11T18:56:42.229Z] Both Act and Ask backends started successfully
[2026-01-11T19:01:57.754Z] Starting Act Backend: python C:\Users\USER\Downloads\rebuild\act_backend.py
[2026-01-11T19:01:57.755Z] Starting Ask Backend: python C:\Users\USER\Downloads\rebuild\ask_backend.py
[2026-01-11T19:02:02.792Z] Both Act and Ask backends started successfully
[2026-01-11T19:03:04.211Z] Starting Act Backend: python C:\Users\USER\Downloads\rebuild\act_backend.py
[2026-01-11T19:03:04.212Z] Starting Ask Backend: python C:\Users\USER\Downloads\rebuild\ask_backend.py
[2026-01-11T19:03:09.241Z] Both Act and Ask backends started successfully
[2026-01-11T19:04:17.821Z] Starting Act Backend: python C:\Users\USER\Downloads\rebuild\act_backend.py
[2026-01-11T19:04:17.822Z] Starting Ask Backend: python C:\Users\USER\Downloads\rebuild\ask_backend.py
[2026-01-11T19:04:22.856Z] Both Act and Ask backends started successfully
[2026-01-11T19:04:42.661Z] [ASK] Process terminated unexpectedly
[2026-01-11T19:04:42.679Z] [ACT] Process terminated unexpectedly
[2026-01-16T08:07:47.404Z] Starting Act Backend: python C:\Users\USER\Downloads\rebuild\act_backend.py
[2026-01-16T08:07:47.406Z] Starting Ask Backend: python C:\Users\USER\Downloads\rebuild\ask_backend.py
[2026-01-16T08:07:52.472Z] Both Act and Ask backends started successfully
[2026-01-16T08:08:50.238Z] [ASK] Process terminated unexpectedly
[2026-01-16T08:08:50.268Z] [ACT] Process terminated unexpectedly
