2026-01-22 01:07:47,854 - ERROR - [TERMINAL-CONTROL] - Failed to parse coordinates '': invalid literal for int() with base 10: ''
2026-01-22 01:07:47,857 - ERROR - [TERMINAL-CONTROL] - Click failed: invalid literal for int() with base 10: ''
2026-01-22 01:08:03,783 - ERROR - [TERMINAL-CONTROL] - Failed to parse coordinates '': invalid literal for int() with base 10: ''
2026-01-22 01:08:03,793 - ERROR - [TERMINAL-CONTROL] - Click failed: invalid literal for int() with base 10: ''
2026-01-22 01:08:14,985 - ERROR - [TERMINAL-CONTROL] - Failed to parse coordinates '': invalid literal for int() with base 10: ''
2026-01-22 01:08:14,997 - ERROR - [TERMINAL-CONTROL] - Click failed: invalid literal for int() with base 10: ''
2026-01-22 01:15:19,948 - INFO - [TERMINAL-CONTROL] - Typing: 
...
2026-01-22 01:15:25,157 - ERROR - [TERMINAL-CONTROL] - Failed to parse coordinates '[509': Invalid coordinate format: [509
2026-01-22 01:15:25,162 - ERROR - [TERMINAL-CONTROL] - Click failed: Invalid coordinate format: [509
2026-01-22 01:15:38,171 - ERROR - [TERMINAL-CONTROL] - Failed to parse coordinates '[530': Invalid coordinate format: [530
2026-01-22 01:15:38,176 - ERROR - [TERMINAL-CONTROL] - Click failed: Invalid coordinate format: [530
2026-01-22 01:15:43,086 - ERROR - [TERMINAL-CONTROL] - Failed to parse coordinates '[509': Invalid coordinate format: [509
2026-01-22 01:15:43,093 - ERROR - [TERMINAL-CONTROL] - Click failed: Invalid coordinate format: [509
2026-01-22 01:15:47,182 - ERROR - [TERMINAL-CONTROL] - Failed to parse coordinates '[509': Invalid coordinate format: [509
2026-01-22 01:15:47,186 - ERROR - [TERMINAL-CONTROL] - Click failed: Invalid coordinate format: [509
2026-01-22 01:18:46,591 - INFO - [TERMINAL-CONTROL] - Clicking at (37, 982) with left button
2026-01-22 01:18:51,093 - INFO - [TERMINAL-CONTROL] - Clicking at (37, 982) with left button
2026-01-22 01:18:55,701 - INFO - [TERMINAL-CONTROL] - Clicking at (375, 982) with left button
2026-01-22 01:19:01,232 - INFO - [TERMINAL-CONTROL] - Typing: Spotify...
2026-01-22 01:19:09,933 - INFO - [TERMINAL-CONTROL] - Clicking at (375, 982) with left button
